2022-05-22 22:22:33,655 INFO  [log] **************************************************************************************** 
2022-05-22 22:22:33,656 INFO  [log] **************************************************************************************** 
2022-05-22 22:22:33,656 INFO  [log] $$$$$$$$$$$$$$$$$$$$$                 Start loginpageTest       $$$$$$$$$$$$$$$$$$$$$$$$$ 
2022-05-22 22:22:33,657 INFO  [log] **************************************************************************************** 
2022-05-22 22:22:33,657 INFO  [log] **************************************************************************************** 
2022-05-22 22:22:33,685 INFO  [log] XXXXXXXXXXXXXXXXXXXXXXX             -E---N---D-             XXXXXXXXXXXXXXXXXXXXXX 
2022-05-22 22:22:33,685 INFO  [log] X 
2022-05-22 22:22:33,685 INFO  [log] X 
2022-05-22 22:22:33,685 INFO  [log] X 
2022-05-22 22:22:33,685 INFO  [log] X 
2022-05-22 22:24:02,019 INFO  [log] **************************************************************************************** 
2022-05-22 22:24:02,021 INFO  [log] **************************************************************************************** 
2022-05-22 22:24:02,021 INFO  [log] $$$$$$$$$$$$$$$$$$$$$                 Start homepageTest       $$$$$$$$$$$$$$$$$$$$$$$$$ 
2022-05-22 22:24:02,021 INFO  [log] **************************************************************************************** 
2022-05-22 22:24:02,021 INFO  [log] **************************************************************************************** 
2022-05-22 22:24:02,044 INFO  [log] Click on Login 
2022-05-22 22:24:33,037 INFO  [log] XXXXXXXXXXXXXXXXXXXXXXX             -E---N---D-             XXXXXXXXXXXXXXXXXXXXXX 
2022-05-22 22:24:33,038 INFO  [log] X 
2022-05-22 22:24:33,038 INFO  [log] X 
2022-05-22 22:24:33,038 INFO  [log] X 
2022-05-22 22:24:33,039 INFO  [log] X 
2022-05-22 22:24:38,044 INFO  [log] **************************************************************************************** 
2022-05-22 22:24:38,045 INFO  [log] **************************************************************************************** 
2022-05-22 22:24:38,045 INFO  [log] $$$$$$$$$$$$$$$$$$$$$                 Start loginpageTest       $$$$$$$$$$$$$$$$$$$$$$$$$ 
2022-05-22 22:24:38,045 INFO  [log] **************************************************************************************** 
2022-05-22 22:24:38,045 INFO  [log] **************************************************************************************** 
2022-05-22 22:24:38,054 INFO  [log] XXXXXXXXXXXXXXXXXXXXXXX             -E---N---D-             XXXXXXXXXXXXXXXXXXXXXX 
2022-05-22 22:24:38,054 INFO  [log] X 
2022-05-22 22:24:38,054 INFO  [log] X 
2022-05-22 22:24:38,054 INFO  [log] X 
2022-05-22 22:24:38,055 INFO  [log] X 
2022-05-22 22:25:07,996 INFO  [log] **************************************************************************************** 
2022-05-22 22:25:07,997 INFO  [log] **************************************************************************************** 
2022-05-22 22:25:07,997 INFO  [log] $$$$$$$$$$$$$$$$$$$$$                 Start homepageTest       $$$$$$$$$$$$$$$$$$$$$$$$$ 
2022-05-22 22:25:07,997 INFO  [log] **************************************************************************************** 
2022-05-22 22:25:07,997 INFO  [log] **************************************************************************************** 
2022-05-22 22:25:08,023 INFO  [log] Click on Login 
2022-05-22 22:25:38,720 INFO  [log] XXXXXXXXXXXXXXXXXXXXXXX             -E---N---D-             XXXXXXXXXXXXXXXXXXXXXX 
2022-05-22 22:25:38,720 INFO  [log] X 
2022-05-22 22:25:38,720 INFO  [log] X 
2022-05-22 22:25:38,720 INFO  [log] X 
2022-05-22 22:25:38,720 INFO  [log] X 
2022-05-22 22:25:43,729 INFO  [log] **************************************************************************************** 
2022-05-22 22:25:43,729 INFO  [log] **************************************************************************************** 
2022-05-22 22:25:43,729 INFO  [log] $$$$$$$$$$$$$$$$$$$$$                 Start loginpageTest       $$$$$$$$$$$$$$$$$$$$$$$$$ 
2022-05-22 22:25:43,729 INFO  [log] **************************************************************************************** 
2022-05-22 22:25:43,729 INFO  [log] **************************************************************************************** 
2022-05-22 22:25:43,740 INFO  [log] XXXXXXXXXXXXXXXXXXXXXXX             -E---N---D-             XXXXXXXXXXXXXXXXXXXXXX 
2022-05-22 22:25:43,740 INFO  [log] X 
2022-05-22 22:25:43,740 INFO  [log] X 
2022-05-22 22:25:43,740 INFO  [log] X 
2022-05-22 22:25:43,740 INFO  [log] X 
2022-05-22 22:33:37,353 INFO  [log] **************************************************************************************** 
2022-05-22 22:33:37,355 INFO  [log] **************************************************************************************** 
2022-05-22 22:33:37,355 INFO  [log] $$$$$$$$$$$$$$$$$$$$$                 Start homepageTest       $$$$$$$$$$$$$$$$$$$$$$$$$ 
2022-05-22 22:33:37,355 INFO  [log] **************************************************************************************** 
2022-05-22 22:33:37,355 INFO  [log] **************************************************************************************** 
2022-05-22 22:33:37,379 INFO  [log] Click on Login 
2022-05-22 22:34:08,619 INFO  [log] XXXXXXXXXXXXXXXXXXXXXXX             -E---N---D-             XXXXXXXXXXXXXXXXXXXXXX 
2022-05-22 22:34:08,621 INFO  [log] X 
2022-05-22 22:34:08,621 INFO  [log] X 
2022-05-22 22:34:08,621 INFO  [log] X 
2022-05-22 22:34:08,621 INFO  [log] X 
2022-05-22 22:34:13,631 INFO  [log] **************************************************************************************** 
2022-05-22 22:34:13,631 INFO  [log] **************************************************************************************** 
2022-05-22 22:34:13,632 INFO  [log] $$$$$$$$$$$$$$$$$$$$$                 Start loginpageTest       $$$$$$$$$$$$$$$$$$$$$$$$$ 
2022-05-22 22:34:13,632 INFO  [log] **************************************************************************************** 
2022-05-22 22:34:13,632 INFO  [log] **************************************************************************************** 
2022-05-22 22:34:15,043 INFO  [log] XXXXXXXXXXXXXXXXXXXXXXX             -E---N---D-             XXXXXXXXXXXXXXXXXXXXXX 
2022-05-22 22:34:15,043 INFO  [log] X 
2022-05-22 22:34:15,043 INFO  [log] X 
2022-05-22 22:34:15,043 INFO  [log] X 
2022-05-22 22:34:15,043 INFO  [log] X 
2022-05-22 22:34:43,665 INFO  [log] **************************************************************************************** 
2022-05-22 22:34:43,666 INFO  [log] **************************************************************************************** 
2022-05-22 22:34:43,667 INFO  [log] $$$$$$$$$$$$$$$$$$$$$                 Start homepageTest       $$$$$$$$$$$$$$$$$$$$$$$$$ 
2022-05-22 22:34:43,667 INFO  [log] **************************************************************************************** 
2022-05-22 22:34:43,667 INFO  [log] **************************************************************************************** 
2022-05-22 22:34:43,688 INFO  [log] Click on Login 
2022-05-22 22:35:14,500 INFO  [log] XXXXXXXXXXXXXXXXXXXXXXX             -E---N---D-             XXXXXXXXXXXXXXXXXXXXXX 
2022-05-22 22:35:14,500 INFO  [log] X 
2022-05-22 22:35:14,500 INFO  [log] X 
2022-05-22 22:35:14,500 INFO  [log] X 
2022-05-22 22:35:14,500 INFO  [log] X 
2022-05-22 22:35:14,505 INFO  [log] **************************************************************************************** 
2022-05-22 22:35:14,505 INFO  [log] **************************************************************************************** 
2022-05-22 22:35:14,505 INFO  [log] $$$$$$$$$$$$$$$$$$$$$                 Start loginpageTest       $$$$$$$$$$$$$$$$$$$$$$$$$ 
2022-05-22 22:35:14,505 INFO  [log] **************************************************************************************** 
2022-05-22 22:35:14,505 INFO  [log] **************************************************************************************** 
2022-05-22 22:35:15,332 INFO  [log] XXXXXXXXXXXXXXXXXXXXXXX             -E---N---D-             XXXXXXXXXXXXXXXXXXXXXX 
2022-05-22 22:35:15,333 INFO  [log] X 
2022-05-22 22:35:15,333 INFO  [log] X 
2022-05-22 22:35:15,333 INFO  [log] X 
2022-05-22 22:35:15,333 INFO  [log] X 
2022-05-22 22:35:55,889 INFO  [log] **************************************************************************************** 
2022-05-22 22:35:55,889 INFO  [log] **************************************************************************************** 
2022-05-22 22:35:55,890 INFO  [log] $$$$$$$$$$$$$$$$$$$$$                 Start homepageTest       $$$$$$$$$$$$$$$$$$$$$$$$$ 
2022-05-22 22:35:55,890 INFO  [log] **************************************************************************************** 
2022-05-22 22:35:55,890 INFO  [log] **************************************************************************************** 
2022-05-22 22:35:55,916 INFO  [log] Click on Login 
2022-05-22 22:35:57,031 INFO  [log] XXXXXXXXXXXXXXXXXXXXXXX             -E---N---D-             XXXXXXXXXXXXXXXXXXXXXX 
2022-05-22 22:35:57,031 INFO  [log] X 
2022-05-22 22:35:57,031 INFO  [log] X 
2022-05-22 22:35:57,031 INFO  [log] X 
2022-05-22 22:35:57,032 INFO  [log] X 
2022-05-22 22:36:02,042 INFO  [log] **************************************************************************************** 
2022-05-22 22:36:02,043 INFO  [log] **************************************************************************************** 
2022-05-22 22:36:02,043 INFO  [log] $$$$$$$$$$$$$$$$$$$$$                 Start loginpageTest       $$$$$$$$$$$$$$$$$$$$$$$$$ 
2022-05-22 22:36:02,043 INFO  [log] **************************************************************************************** 
2022-05-22 22:36:02,043 INFO  [log] **************************************************************************************** 
2022-05-22 22:36:02,917 INFO  [log] XXXXXXXXXXXXXXXXXXXXXXX             -E---N---D-             XXXXXXXXXXXXXXXXXXXXXX 
2022-05-22 22:36:02,918 INFO  [log] X 
2022-05-22 22:36:02,918 INFO  [log] X 
2022-05-22 22:36:02,918 INFO  [log] X 
2022-05-22 22:36:02,918 INFO  [log] X 
2022-05-24 22:13:04,643 INFO  [log] **************************************************************************************** 
2022-05-24 22:13:04,645 INFO  [log] **************************************************************************************** 
2022-05-24 22:13:04,645 INFO  [log] $$$$$$$$$$$$$$$$$$$$$                 Start homepageTest       $$$$$$$$$$$$$$$$$$$$$$$$$ 
2022-05-24 22:13:04,645 INFO  [log] **************************************************************************************** 
2022-05-24 22:13:04,645 INFO  [log] **************************************************************************************** 
2022-05-24 22:13:04,752 INFO  [log] XXXXXXXXXXXXXXXXXXXXXXX             -E---N---D-             XXXXXXXXXXXXXXXXXXXXXX 
2022-05-24 22:13:04,753 INFO  [log] X 
2022-05-24 22:13:04,753 INFO  [log] X 
2022-05-24 22:13:04,753 INFO  [log] X 
2022-05-24 22:13:04,753 INFO  [log] X 
2022-05-24 22:13:09,802 INFO  [log] **************************************************************************************** 
2022-05-24 22:13:09,802 INFO  [log] **************************************************************************************** 
2022-05-24 22:13:09,802 INFO  [log] $$$$$$$$$$$$$$$$$$$$$                 Start loginpageTest       $$$$$$$$$$$$$$$$$$$$$$$$$ 
2022-05-24 22:13:09,802 INFO  [log] **************************************************************************************** 
2022-05-24 22:13:09,802 INFO  [log] **************************************************************************************** 
2022-05-24 22:13:09,830 INFO  [log] XXXXXXXXXXXXXXXXXXXXXXX             -E---N---D-             XXXXXXXXXXXXXXXXXXXXXX 
2022-05-24 22:13:09,830 INFO  [log] X 
2022-05-24 22:13:09,830 INFO  [log] X 
2022-05-24 22:13:09,830 INFO  [log] X 
2022-05-24 22:13:09,830 INFO  [log] X 
2022-05-24 22:15:19,633 INFO  [log] **************************************************************************************** 
2022-05-24 22:15:19,633 INFO  [log] **************************************************************************************** 
2022-05-24 22:15:19,633 INFO  [log] $$$$$$$$$$$$$$$$$$$$$                 Start homepageTest       $$$$$$$$$$$$$$$$$$$$$$$$$ 
2022-05-24 22:15:19,633 INFO  [log] **************************************************************************************** 
2022-05-24 22:15:19,633 INFO  [log] **************************************************************************************** 
2022-05-24 22:15:19,678 INFO  [log] XXXXXXXXXXXXXXXXXXXXXXX             -E---N---D-             XXXXXXXXXXXXXXXXXXXXXX 
2022-05-24 22:15:19,678 INFO  [log] X 
2022-05-24 22:15:19,678 INFO  [log] X 
2022-05-24 22:15:19,678 INFO  [log] X 
2022-05-24 22:15:19,678 INFO  [log] X 
2022-05-24 22:15:24,718 INFO  [log] **************************************************************************************** 
2022-05-24 22:15:24,718 INFO  [log] **************************************************************************************** 
2022-05-24 22:15:24,718 INFO  [log] $$$$$$$$$$$$$$$$$$$$$                 Start loginpageTest       $$$$$$$$$$$$$$$$$$$$$$$$$ 
2022-05-24 22:15:24,718 INFO  [log] **************************************************************************************** 
2022-05-24 22:15:24,718 INFO  [log] **************************************************************************************** 
2022-05-24 22:15:24,793 INFO  [log] XXXXXXXXXXXXXXXXXXXXXXX             -E---N---D-             XXXXXXXXXXXXXXXXXXXXXX 
2022-05-24 22:15:24,793 INFO  [log] X 
2022-05-24 22:15:24,793 INFO  [log] X 
2022-05-24 22:15:24,793 INFO  [log] X 
2022-05-24 22:15:24,794 INFO  [log] X 
2022-05-24 22:16:27,833 INFO  [log] **************************************************************************************** 
2022-05-24 22:16:27,833 INFO  [log] **************************************************************************************** 
2022-05-24 22:16:27,833 INFO  [log] $$$$$$$$$$$$$$$$$$$$$                 Start homepageTest       $$$$$$$$$$$$$$$$$$$$$$$$$ 
2022-05-24 22:16:27,833 INFO  [log] **************************************************************************************** 
2022-05-24 22:16:27,834 INFO  [log] **************************************************************************************** 
2022-05-24 22:16:27,934 INFO  [log] XXXXXXXXXXXXXXXXXXXXXXX             -E---N---D-             XXXXXXXXXXXXXXXXXXXXXX 
2022-05-24 22:16:27,934 INFO  [log] X 
2022-05-24 22:16:27,934 INFO  [log] X 
2022-05-24 22:16:27,934 INFO  [log] X 
2022-05-24 22:16:27,934 INFO  [log] X 
2022-05-24 22:16:32,970 INFO  [log] **************************************************************************************** 
2022-05-24 22:16:32,970 INFO  [log] **************************************************************************************** 
2022-05-24 22:16:32,970 INFO  [log] $$$$$$$$$$$$$$$$$$$$$                 Start loginpageTest       $$$$$$$$$$$$$$$$$$$$$$$$$ 
2022-05-24 22:16:32,970 INFO  [log] **************************************************************************************** 
2022-05-24 22:16:32,970 INFO  [log] **************************************************************************************** 
2022-05-24 22:16:32,995 INFO  [log] XXXXXXXXXXXXXXXXXXXXXXX             -E---N---D-             XXXXXXXXXXXXXXXXXXXXXX 
2022-05-24 22:16:32,996 INFO  [log] X 
2022-05-24 22:16:32,996 INFO  [log] X 
2022-05-24 22:16:32,997 INFO  [log] X 
2022-05-24 22:16:32,997 INFO  [log] X 
2022-05-24 22:18:14,208 INFO  [log] **************************************************************************************** 
2022-05-24 22:18:14,208 INFO  [log] **************************************************************************************** 
2022-05-24 22:18:14,208 INFO  [log] $$$$$$$$$$$$$$$$$$$$$                 Start homepageTest       $$$$$$$$$$$$$$$$$$$$$$$$$ 
2022-05-24 22:18:14,208 INFO  [log] **************************************************************************************** 
2022-05-24 22:18:14,208 INFO  [log] **************************************************************************************** 
2022-05-24 22:18:14,278 INFO  [log] XXXXXXXXXXXXXXXXXXXXXXX             -E---N---D-             XXXXXXXXXXXXXXXXXXXXXX 
2022-05-24 22:18:14,278 INFO  [log] X 
2022-05-24 22:18:14,279 INFO  [log] X 
2022-05-24 22:18:14,279 INFO  [log] X 
2022-05-24 22:18:14,279 INFO  [log] X 
2022-05-24 22:18:19,316 INFO  [log] **************************************************************************************** 
2022-05-24 22:18:19,317 INFO  [log] **************************************************************************************** 
2022-05-24 22:18:19,317 INFO  [log] $$$$$$$$$$$$$$$$$$$$$                 Start loginpageTest       $$$$$$$$$$$$$$$$$$$$$$$$$ 
2022-05-24 22:18:19,317 INFO  [log] **************************************************************************************** 
2022-05-24 22:18:19,317 INFO  [log] **************************************************************************************** 
2022-05-24 22:18:19,375 INFO  [log] XXXXXXXXXXXXXXXXXXXXXXX             -E---N---D-             XXXXXXXXXXXXXXXXXXXXXX 
2022-05-24 22:18:19,376 INFO  [log] X 
2022-05-24 22:18:19,376 INFO  [log] X 
2022-05-24 22:18:19,376 INFO  [log] X 
2022-05-24 22:18:19,376 INFO  [log] X 
2022-05-24 23:11:38,309 INFO  [log] **************************************************************************************** 
2022-05-24 23:11:38,311 INFO  [log] **************************************************************************************** 
2022-05-24 23:11:38,311 INFO  [log] $$$$$$$$$$$$$$$$$$$$$                 Start homepageTest       $$$$$$$$$$$$$$$$$$$$$$$$$ 
2022-05-24 23:11:38,312 INFO  [log] **************************************************************************************** 
2022-05-24 23:11:38,312 INFO  [log] **************************************************************************************** 
2022-05-24 23:11:38,404 INFO  [log] XXXXXXXXXXXXXXXXXXXXXXX             -E---N---D-             XXXXXXXXXXXXXXXXXXXXXX 
2022-05-24 23:11:38,404 INFO  [log] X 
2022-05-24 23:11:38,405 INFO  [log] X 
2022-05-24 23:11:38,405 INFO  [log] X 
2022-05-24 23:11:38,406 INFO  [log] X 
2022-05-24 23:11:43,456 INFO  [log] **************************************************************************************** 
2022-05-24 23:11:43,456 INFO  [log] **************************************************************************************** 
2022-05-24 23:11:43,456 INFO  [log] $$$$$$$$$$$$$$$$$$$$$                 Start loginpageTest       $$$$$$$$$$$$$$$$$$$$$$$$$ 
2022-05-24 23:11:43,456 INFO  [log] **************************************************************************************** 
2022-05-24 23:11:43,457 INFO  [log] **************************************************************************************** 
2022-05-24 23:11:43,545 INFO  [log] XXXXXXXXXXXXXXXXXXXXXXX             -E---N---D-             XXXXXXXXXXXXXXXXXXXXXX 
2022-05-24 23:11:43,545 INFO  [log] X 
2022-05-24 23:11:43,545 INFO  [log] X 
2022-05-24 23:11:43,545 INFO  [log] X 
2022-05-24 23:11:43,545 INFO  [log] X 
2022-05-24 23:12:18,449 INFO  [log] **************************************************************************************** 
2022-05-24 23:12:18,449 INFO  [log] **************************************************************************************** 
2022-05-24 23:12:18,450 INFO  [log] $$$$$$$$$$$$$$$$$$$$$                 Start homepageTest       $$$$$$$$$$$$$$$$$$$$$$$$$ 
2022-05-24 23:12:18,450 INFO  [log] **************************************************************************************** 
2022-05-24 23:12:18,450 INFO  [log] **************************************************************************************** 
2022-05-24 23:12:18,517 INFO  [log] XXXXXXXXXXXXXXXXXXXXXXX             -E---N---D-             XXXXXXXXXXXXXXXXXXXXXX 
2022-05-24 23:12:18,517 INFO  [log] X 
2022-05-24 23:12:18,517 INFO  [log] X 
2022-05-24 23:12:18,517 INFO  [log] X 
2022-05-24 23:12:18,518 INFO  [log] X 
2022-05-24 23:12:23,561 INFO  [log] **************************************************************************************** 
2022-05-24 23:12:23,561 INFO  [log] **************************************************************************************** 
2022-05-24 23:12:23,561 INFO  [log] $$$$$$$$$$$$$$$$$$$$$                 Start loginpageTest       $$$$$$$$$$$$$$$$$$$$$$$$$ 
2022-05-24 23:12:23,561 INFO  [log] **************************************************************************************** 
2022-05-24 23:12:23,561 INFO  [log] **************************************************************************************** 
2022-05-24 23:12:23,696 INFO  [log] XXXXXXXXXXXXXXXXXXXXXXX             -E---N---D-             XXXXXXXXXXXXXXXXXXXXXX 
2022-05-24 23:12:23,696 INFO  [log] X 
2022-05-24 23:12:23,696 INFO  [log] X 
2022-05-24 23:12:23,696 INFO  [log] X 
2022-05-24 23:12:23,696 INFO  [log] X 
2022-05-24 23:13:38,859 INFO  [log] **************************************************************************************** 
2022-05-24 23:13:38,860 INFO  [log] **************************************************************************************** 
2022-05-24 23:13:38,860 INFO  [log] $$$$$$$$$$$$$$$$$$$$$                 Start homepageTest       $$$$$$$$$$$$$$$$$$$$$$$$$ 
2022-05-24 23:13:38,860 INFO  [log] **************************************************************************************** 
2022-05-24 23:13:38,860 INFO  [log] **************************************************************************************** 
2022-05-24 23:13:38,921 INFO  [log] XXXXXXXXXXXXXXXXXXXXXXX             -E---N---D-             XXXXXXXXXXXXXXXXXXXXXX 
2022-05-24 23:13:38,921 INFO  [log] X 
2022-05-24 23:13:38,922 INFO  [log] X 
2022-05-24 23:13:38,922 INFO  [log] X 
2022-05-24 23:13:38,923 INFO  [log] X 
2022-05-24 23:15:35,112 INFO  [log] **************************************************************************************** 
2022-05-24 23:15:35,112 INFO  [log] **************************************************************************************** 
2022-05-24 23:15:35,113 INFO  [log] $$$$$$$$$$$$$$$$$$$$$                 Start homepageTest       $$$$$$$$$$$$$$$$$$$$$$$$$ 
2022-05-24 23:15:35,113 INFO  [log] **************************************************************************************** 
2022-05-24 23:15:35,113 INFO  [log] **************************************************************************************** 
2022-05-24 23:15:35,327 INFO  [log] XXXXXXXXXXXXXXXXXXXXXXX             -E---N---D-             XXXXXXXXXXXXXXXXXXXXXX 
2022-05-24 23:15:35,327 INFO  [log] X 
2022-05-24 23:15:35,327 INFO  [log] X 
2022-05-24 23:15:35,327 INFO  [log] X 
2022-05-24 23:15:35,327 INFO  [log] X 
2022-05-24 23:16:06,856 INFO  [log] **************************************************************************************** 
2022-05-24 23:16:06,856 INFO  [log] **************************************************************************************** 
2022-05-24 23:16:06,856 INFO  [log] $$$$$$$$$$$$$$$$$$$$$                 Start homepageTest       $$$$$$$$$$$$$$$$$$$$$$$$$ 
2022-05-24 23:16:06,856 INFO  [log] **************************************************************************************** 
2022-05-24 23:16:06,856 INFO  [log] **************************************************************************************** 
2022-05-24 23:16:07,049 INFO  [log] XXXXXXXXXXXXXXXXXXXXXXX             -E---N---D-             XXXXXXXXXXXXXXXXXXXXXX 
2022-05-24 23:16:07,050 INFO  [log] X 
2022-05-24 23:16:07,050 INFO  [log] X 
2022-05-24 23:16:07,050 INFO  [log] X 
2022-05-24 23:16:07,050 INFO  [log] X 
2022-05-24 23:20:08,260 INFO  [log] **************************************************************************************** 
2022-05-24 23:20:08,260 INFO  [log] **************************************************************************************** 
2022-05-24 23:20:08,261 INFO  [log] $$$$$$$$$$$$$$$$$$$$$                 Start homepageTest       $$$$$$$$$$$$$$$$$$$$$$$$$ 
2022-05-24 23:20:08,261 INFO  [log] **************************************************************************************** 
2022-05-24 23:20:08,261 INFO  [log] **************************************************************************************** 
2022-05-24 23:20:08,470 INFO  [log] XXXXXXXXXXXXXXXXXXXXXXX             -E---N---D-             XXXXXXXXXXXXXXXXXXXXXX 
2022-05-24 23:20:08,470 INFO  [log] X 
2022-05-24 23:20:08,470 INFO  [log] X 
2022-05-24 23:20:08,471 INFO  [log] X 
2022-05-24 23:20:08,471 INFO  [log] X 
2022-05-25 21:05:35,988 INFO  [log] **************************************************************************************** 
2022-05-25 21:05:35,990 INFO  [log] **************************************************************************************** 
2022-05-25 21:05:35,990 INFO  [log] $$$$$$$$$$$$$$$$$$$$$                 Start homepageTest       $$$$$$$$$$$$$$$$$$$$$$$$$ 
2022-05-25 21:05:35,991 INFO  [log] **************************************************************************************** 
2022-05-25 21:05:35,991 INFO  [log] **************************************************************************************** 
2022-05-25 21:05:36,529 INFO  [log] XXXXXXXXXXXXXXXXXXXXXXX             -E---N---D-             XXXXXXXXXXXXXXXXXXXXXX 
2022-05-25 21:05:36,529 INFO  [log] X 
2022-05-25 21:05:36,530 INFO  [log] X 
2022-05-25 21:05:36,530 INFO  [log] X 
2022-05-25 21:05:36,530 INFO  [log] X 
2022-05-25 21:06:56,111 INFO  [log] **************************************************************************************** 
2022-05-25 21:06:56,112 INFO  [log] **************************************************************************************** 
2022-05-25 21:06:56,112 INFO  [log] $$$$$$$$$$$$$$$$$$$$$                 Start homepageTest       $$$$$$$$$$$$$$$$$$$$$$$$$ 
2022-05-25 21:06:56,112 INFO  [log] **************************************************************************************** 
2022-05-25 21:06:56,112 INFO  [log] **************************************************************************************** 
2022-05-25 21:06:56,334 INFO  [log] XXXXXXXXXXXXXXXXXXXXXXX             -E---N---D-             XXXXXXXXXXXXXXXXXXXXXX 
2022-05-25 21:06:56,335 INFO  [log] X 
2022-05-25 21:06:56,335 INFO  [log] X 
2022-05-25 21:06:56,335 INFO  [log] X 
2022-05-25 21:06:56,335 INFO  [log] X 
2022-05-25 21:16:45,266 INFO  [log] **************************************************************************************** 
2022-05-25 21:16:45,268 INFO  [log] **************************************************************************************** 
2022-05-25 21:16:45,269 INFO  [log] $$$$$$$$$$$$$$$$$$$$$                 Start homepageTest       $$$$$$$$$$$$$$$$$$$$$$$$$ 
2022-05-25 21:16:45,269 INFO  [log] **************************************************************************************** 
2022-05-25 21:16:45,269 INFO  [log] **************************************************************************************** 
2022-05-25 21:16:45,385 INFO  [log] XXXXXXXXXXXXXXXXXXXXXXX             -E---N---D-             XXXXXXXXXXXXXXXXXXXXXX 
2022-05-25 21:16:45,386 INFO  [log] X 
2022-05-25 21:16:45,386 INFO  [log] X 
2022-05-25 21:16:45,386 INFO  [log] X 
2022-05-25 21:16:45,386 INFO  [log] X 
2022-05-25 21:20:38,295 INFO  [log] **************************************************************************************** 
2022-05-25 21:20:38,296 INFO  [log] **************************************************************************************** 
2022-05-25 21:20:38,296 INFO  [log] $$$$$$$$$$$$$$$$$$$$$                 Start homepageTest       $$$$$$$$$$$$$$$$$$$$$$$$$ 
2022-05-25 21:20:38,296 INFO  [log] **************************************************************************************** 
2022-05-25 21:20:38,296 INFO  [log] **************************************************************************************** 
2022-05-25 21:20:38,420 INFO  [log] XXXXXXXXXXXXXXXXXXXXXXX             -E---N---D-             XXXXXXXXXXXXXXXXXXXXXX 
2022-05-25 21:20:38,421 INFO  [log] X 
2022-05-25 21:20:38,421 INFO  [log] X 
2022-05-25 21:20:38,421 INFO  [log] X 
2022-05-25 21:20:38,421 INFO  [log] X 
2022-05-25 21:23:29,329 INFO  [log] **************************************************************************************** 
2022-05-25 21:23:29,329 INFO  [log] **************************************************************************************** 
2022-05-25 21:23:29,330 INFO  [log] $$$$$$$$$$$$$$$$$$$$$                 Start homepageTest       $$$$$$$$$$$$$$$$$$$$$$$$$ 
2022-05-25 21:23:29,330 INFO  [log] **************************************************************************************** 
2022-05-25 21:23:29,330 INFO  [log] **************************************************************************************** 
2022-05-25 21:23:29,422 INFO  [log] XXXXXXXXXXXXXXXXXXXXXXX             -E---N---D-             XXXXXXXXXXXXXXXXXXXXXX 
2022-05-25 21:23:29,422 INFO  [log] X 
2022-05-25 21:23:29,422 INFO  [log] X 
2022-05-25 21:23:29,422 INFO  [log] X 
2022-05-25 21:23:29,422 INFO  [log] X 
2022-05-25 21:24:37,825 INFO  [log] **************************************************************************************** 
2022-05-25 21:24:37,825 INFO  [log] **************************************************************************************** 
2022-05-25 21:24:37,826 INFO  [log] $$$$$$$$$$$$$$$$$$$$$                 Start homepageTest       $$$$$$$$$$$$$$$$$$$$$$$$$ 
2022-05-25 21:24:37,826 INFO  [log] **************************************************************************************** 
2022-05-25 21:24:37,826 INFO  [log] **************************************************************************************** 
2022-05-25 21:24:37,931 INFO  [log] XXXXXXXXXXXXXXXXXXXXXXX             -E---N---D-             XXXXXXXXXXXXXXXXXXXXXX 
2022-05-25 21:24:37,931 INFO  [log] X 
2022-05-25 21:24:37,932 INFO  [log] X 
2022-05-25 21:24:37,932 INFO  [log] X 
2022-05-25 21:24:37,932 INFO  [log] X 
2022-05-25 21:26:22,563 INFO  [log] **************************************************************************************** 
2022-05-25 21:26:22,563 INFO  [log] **************************************************************************************** 
2022-05-25 21:26:22,563 INFO  [log] $$$$$$$$$$$$$$$$$$$$$                 Start homepageTest       $$$$$$$$$$$$$$$$$$$$$$$$$ 
2022-05-25 21:26:22,563 INFO  [log] **************************************************************************************** 
2022-05-25 21:26:22,564 INFO  [log] **************************************************************************************** 
2022-05-25 21:26:22,592 INFO  [log] XXXXXXXXXXXXXXXXXXXXXXX             -E---N---D-             XXXXXXXXXXXXXXXXXXXXXX 
2022-05-25 21:26:22,592 INFO  [log] X 
2022-05-25 21:26:22,593 INFO  [log] X 
2022-05-25 21:26:22,593 INFO  [log] X 
2022-05-25 21:26:22,593 INFO  [log] X 
2022-05-25 21:32:37,420 INFO  [log] **************************************************************************************** 
2022-05-25 21:32:37,421 INFO  [log] **************************************************************************************** 
2022-05-25 21:32:37,421 INFO  [log] $$$$$$$$$$$$$$$$$$$$$                 Start homepageTest       $$$$$$$$$$$$$$$$$$$$$$$$$ 
2022-05-25 21:32:37,421 INFO  [log] **************************************************************************************** 
2022-05-25 21:32:37,422 INFO  [log] **************************************************************************************** 
2022-05-25 21:32:37,452 INFO  [log] XXXXXXXXXXXXXXXXXXXXXXX             -E---N---D-             XXXXXXXXXXXXXXXXXXXXXX 
2022-05-25 21:32:37,452 INFO  [log] X 
2022-05-25 21:32:37,452 INFO  [log] X 
2022-05-25 21:32:37,452 INFO  [log] X 
2022-05-25 21:32:37,453 INFO  [log] X 
2022-05-25 23:02:12,925 INFO  [log] **************************************************************************************** 
2022-05-25 23:02:12,927 INFO  [log] **************************************************************************************** 
2022-05-25 23:02:12,928 INFO  [log] $$$$$$$$$$$$$$$$$$$$$                 Start homepageTest       $$$$$$$$$$$$$$$$$$$$$$$$$ 
2022-05-25 23:02:12,928 INFO  [log] **************************************************************************************** 
2022-05-25 23:02:12,928 INFO  [log] **************************************************************************************** 
2022-05-25 23:02:12,956 INFO  [log] XXXXXXXXXXXXXXXXXXXXXXX             -E---N---D-             XXXXXXXXXXXXXXXXXXXXXX 
2022-05-25 23:02:12,956 INFO  [log] X 
2022-05-25 23:02:12,956 INFO  [log] X 
2022-05-25 23:02:12,956 INFO  [log] X 
2022-05-25 23:02:12,956 INFO  [log] X 
2022-05-25 23:04:22,359 INFO  [log] **************************************************************************************** 
2022-05-25 23:04:22,360 INFO  [log] **************************************************************************************** 
2022-05-25 23:04:22,361 INFO  [log] $$$$$$$$$$$$$$$$$$$$$                 Start homepageTest       $$$$$$$$$$$$$$$$$$$$$$$$$ 
2022-05-25 23:04:22,361 INFO  [log] **************************************************************************************** 
2022-05-25 23:04:22,361 INFO  [log] **************************************************************************************** 
2022-05-25 23:04:22,390 INFO  [log] XXXXXXXXXXXXXXXXXXXXXXX             -E---N---D-             XXXXXXXXXXXXXXXXXXXXXX 
2022-05-25 23:04:22,390 INFO  [log] X 
2022-05-25 23:04:22,390 INFO  [log] X 
2022-05-25 23:04:22,390 INFO  [log] X 
2022-05-25 23:04:22,390 INFO  [log] X 
2022-05-25 23:06:22,156 INFO  [log] **************************************************************************************** 
2022-05-25 23:06:22,156 INFO  [log] **************************************************************************************** 
2022-05-25 23:06:22,156 INFO  [log] $$$$$$$$$$$$$$$$$$$$$                 Start homepageTest       $$$$$$$$$$$$$$$$$$$$$$$$$ 
2022-05-25 23:06:22,156 INFO  [log] **************************************************************************************** 
2022-05-25 23:06:22,156 INFO  [log] **************************************************************************************** 
2022-05-25 23:06:22,181 INFO  [log] XXXXXXXXXXXXXXXXXXXXXXX             -E---N---D-             XXXXXXXXXXXXXXXXXXXXXX 
2022-05-25 23:06:22,181 INFO  [log] X 
2022-05-25 23:06:22,181 INFO  [log] X 
2022-05-25 23:06:22,181 INFO  [log] X 
2022-05-25 23:06:22,181 INFO  [log] X 
2022-05-25 23:08:43,134 INFO  [log] **************************************************************************************** 
2022-05-25 23:08:43,134 INFO  [log] **************************************************************************************** 
2022-05-25 23:08:43,135 INFO  [log] $$$$$$$$$$$$$$$$$$$$$                 Start homepageTest       $$$$$$$$$$$$$$$$$$$$$$$$$ 
2022-05-25 23:08:43,135 INFO  [log] **************************************************************************************** 
2022-05-25 23:08:43,135 INFO  [log] **************************************************************************************** 
2022-05-25 23:08:43,164 INFO  [log] XXXXXXXXXXXXXXXXXXXXXXX             -E---N---D-             XXXXXXXXXXXXXXXXXXXXXX 
2022-05-25 23:08:43,164 INFO  [log] X 
2022-05-25 23:08:43,164 INFO  [log] X 
2022-05-25 23:08:43,165 INFO  [log] X 
2022-05-25 23:08:43,165 INFO  [log] X 
2022-05-25 23:11:07,274 INFO  [log] **************************************************************************************** 
2022-05-25 23:11:07,276 INFO  [log] **************************************************************************************** 
2022-05-25 23:11:07,276 INFO  [log] $$$$$$$$$$$$$$$$$$$$$                 Start homepageTest       $$$$$$$$$$$$$$$$$$$$$$$$$ 
2022-05-25 23:11:07,276 INFO  [log] **************************************************************************************** 
2022-05-25 23:11:07,277 INFO  [log] **************************************************************************************** 
2022-05-25 23:11:07,308 INFO  [log] XXXXXXXXXXXXXXXXXXXXXXX             -E---N---D-             XXXXXXXXXXXXXXXXXXXXXX 
2022-05-25 23:11:07,308 INFO  [log] X 
2022-05-25 23:11:07,309 INFO  [log] X 
2022-05-25 23:11:07,309 INFO  [log] X 
2022-05-25 23:11:07,309 INFO  [log] X 
2022-05-25 23:12:40,233 INFO  [log] **************************************************************************************** 
2022-05-25 23:12:40,233 INFO  [log] **************************************************************************************** 
2022-05-25 23:12:40,234 INFO  [log] $$$$$$$$$$$$$$$$$$$$$                 Start homepageTest       $$$$$$$$$$$$$$$$$$$$$$$$$ 
2022-05-25 23:12:40,234 INFO  [log] **************************************************************************************** 
2022-05-25 23:12:40,234 INFO  [log] **************************************************************************************** 
2022-05-25 23:12:40,258 INFO  [log] XXXXXXXXXXXXXXXXXXXXXXX             -E---N---D-             XXXXXXXXXXXXXXXXXXXXXX 
2022-05-25 23:12:40,258 INFO  [log] X 
2022-05-25 23:12:40,258 INFO  [log] X 
2022-05-25 23:12:40,258 INFO  [log] X 
2022-05-25 23:12:40,258 INFO  [log] X 
2022-05-25 23:18:20,068 INFO  [log] **************************************************************************************** 
2022-05-25 23:18:20,070 INFO  [log] **************************************************************************************** 
2022-05-25 23:18:20,070 INFO  [log] $$$$$$$$$$$$$$$$$$$$$                 Start homepageTest       $$$$$$$$$$$$$$$$$$$$$$$$$ 
2022-05-25 23:18:20,070 INFO  [log] **************************************************************************************** 
2022-05-25 23:18:20,070 INFO  [log] **************************************************************************************** 
2022-05-25 23:18:20,099 INFO  [log] XXXXXXXXXXXXXXXXXXXXXXX             -E---N---D-             XXXXXXXXXXXXXXXXXXXXXX 
2022-05-25 23:18:20,099 INFO  [log] X 
2022-05-25 23:18:20,099 INFO  [log] X 
2022-05-25 23:18:20,099 INFO  [log] X 
2022-05-25 23:18:20,099 INFO  [log] X 
2022-05-29 15:24:55,602 INFO  [log] **************************************************************************************** 
2022-05-29 15:24:55,603 INFO  [log] **************************************************************************************** 
2022-05-29 15:24:55,603 INFO  [log] $$$$$$$$$$$$$$$$$$$$$                 Start homepageTest       $$$$$$$$$$$$$$$$$$$$$$$$$ 
2022-05-29 15:24:55,603 INFO  [log] **************************************************************************************** 
2022-05-29 15:24:55,603 INFO  [log] **************************************************************************************** 
2022-05-29 15:24:55,724 INFO  [log] XXXXXXXXXXXXXXXXXXXXXXX             -E---N---D-             XXXXXXXXXXXXXXXXXXXXXX 
2022-05-29 15:24:55,724 INFO  [log] X 
2022-05-29 15:24:55,724 INFO  [log] X 
2022-05-29 15:24:55,724 INFO  [log] X 
2022-05-29 15:24:55,724 INFO  [log] X 
2022-05-29 15:25:35,602 INFO  [log] **************************************************************************************** 
2022-05-29 15:25:35,602 INFO  [log] **************************************************************************************** 
2022-05-29 15:25:35,602 INFO  [log] $$$$$$$$$$$$$$$$$$$$$                 Start homepageTest       $$$$$$$$$$$$$$$$$$$$$$$$$ 
2022-05-29 15:25:35,602 INFO  [log] **************************************************************************************** 
2022-05-29 15:25:35,602 INFO  [log] **************************************************************************************** 
2022-05-29 15:25:38,449 INFO  [log] XXXXXXXXXXXXXXXXXXXXXXX             -E---N---D-             XXXXXXXXXXXXXXXXXXXXXX 
2022-05-29 15:25:38,449 INFO  [log] X 
2022-05-29 15:25:38,449 INFO  [log] X 
2022-05-29 15:25:38,449 INFO  [log] X 
2022-05-29 15:25:38,449 INFO  [log] X 
2022-05-29 15:53:36,327 INFO  [log] **************************************************************************************** 
2022-05-29 15:53:36,328 INFO  [log] **************************************************************************************** 
2022-05-29 15:53:36,329 INFO  [log] $$$$$$$$$$$$$$$$$$$$$                 Start homepageTest       $$$$$$$$$$$$$$$$$$$$$$$$$ 
2022-05-29 15:53:36,329 INFO  [log] **************************************************************************************** 
2022-05-29 15:53:36,329 INFO  [log] **************************************************************************************** 
2022-05-29 15:53:38,914 INFO  [log] XXXXXXXXXXXXXXXXXXXXXXX             -E---N---D-             XXXXXXXXXXXXXXXXXXXXXX 
2022-05-29 15:53:38,914 INFO  [log] X 
2022-05-29 15:53:38,914 INFO  [log] X 
2022-05-29 15:53:38,914 INFO  [log] X 
2022-05-29 15:53:38,914 INFO  [log] X 
2022-05-29 15:53:43,927 INFO  [log] **************************************************************************************** 
2022-05-29 15:53:43,927 INFO  [log] **************************************************************************************** 
2022-05-29 15:53:43,927 INFO  [log] $$$$$$$$$$$$$$$$$$$$$                 Start prodrctpageTest       $$$$$$$$$$$$$$$$$$$$$$$$$ 
2022-05-29 15:53:43,927 INFO  [log] **************************************************************************************** 
2022-05-29 15:53:43,927 INFO  [log] **************************************************************************************** 
2022-05-29 15:55:13,054 INFO  [log] **************************************************************************************** 
2022-05-29 15:55:13,054 INFO  [log] **************************************************************************************** 
2022-05-29 15:55:13,054 INFO  [log] $$$$$$$$$$$$$$$$$$$$$                 Start homepageTest       $$$$$$$$$$$$$$$$$$$$$$$$$ 
2022-05-29 15:55:13,054 INFO  [log] **************************************************************************************** 
2022-05-29 15:55:13,055 INFO  [log] **************************************************************************************** 
2022-05-29 15:55:15,141 INFO  [log] XXXXXXXXXXXXXXXXXXXXXXX             -E---N---D-             XXXXXXXXXXXXXXXXXXXXXX 
2022-05-29 15:55:15,142 INFO  [log] X 
2022-05-29 15:55:15,142 INFO  [log] X 
2022-05-29 15:55:15,142 INFO  [log] X 
2022-05-29 15:55:15,142 INFO  [log] X 
2022-05-29 15:55:20,152 INFO  [log] **************************************************************************************** 
2022-05-29 15:55:20,152 INFO  [log] **************************************************************************************** 
2022-05-29 15:55:20,152 INFO  [log] $$$$$$$$$$$$$$$$$$$$$                 Start prodrctpageTest       $$$$$$$$$$$$$$$$$$$$$$$$$ 
2022-05-29 15:55:20,152 INFO  [log] **************************************************************************************** 
2022-05-29 15:55:20,152 INFO  [log] **************************************************************************************** 
2022-05-29 16:06:35,467 INFO  [log] **************************************************************************************** 
2022-05-29 16:06:35,469 INFO  [log] **************************************************************************************** 
2022-05-29 16:06:35,469 INFO  [log] $$$$$$$$$$$$$$$$$$$$$                 Start homepageTest       $$$$$$$$$$$$$$$$$$$$$$$$$ 
2022-05-29 16:06:35,469 INFO  [log] **************************************************************************************** 
2022-05-29 16:06:35,469 INFO  [log] **************************************************************************************** 
2022-05-29 16:06:37,502 INFO  [log] XXXXXXXXXXXXXXXXXXXXXXX             -E---N---D-             XXXXXXXXXXXXXXXXXXXXXX 
2022-05-29 16:06:37,503 INFO  [log] X 
2022-05-29 16:06:37,503 INFO  [log] X 
2022-05-29 16:06:37,503 INFO  [log] X 
2022-05-29 16:06:37,503 INFO  [log] X 
2022-05-29 16:06:42,513 INFO  [log] **************************************************************************************** 
2022-05-29 16:06:42,513 INFO  [log] **************************************************************************************** 
2022-05-29 16:06:42,513 INFO  [log] $$$$$$$$$$$$$$$$$$$$$                 Start prodrctpageTest       $$$$$$$$$$$$$$$$$$$$$$$$$ 
2022-05-29 16:06:42,513 INFO  [log] **************************************************************************************** 
2022-05-29 16:06:42,513 INFO  [log] **************************************************************************************** 
2022-05-29 16:07:59,530 INFO  [log] **************************************************************************************** 
2022-05-29 16:07:59,531 INFO  [log] **************************************************************************************** 
2022-05-29 16:07:59,531 INFO  [log] $$$$$$$$$$$$$$$$$$$$$                 Start homepageTest       $$$$$$$$$$$$$$$$$$$$$$$$$ 
2022-05-29 16:07:59,531 INFO  [log] **************************************************************************************** 
2022-05-29 16:07:59,531 INFO  [log] **************************************************************************************** 
2022-05-29 16:08:01,632 INFO  [log] XXXXXXXXXXXXXXXXXXXXXXX             -E---N---D-             XXXXXXXXXXXXXXXXXXXXXX 
2022-05-29 16:08:01,632 INFO  [log] X 
2022-05-29 16:08:01,632 INFO  [log] X 
2022-05-29 16:08:01,632 INFO  [log] X 
2022-05-29 16:08:01,632 INFO  [log] X 
2022-05-29 16:08:06,644 INFO  [log] **************************************************************************************** 
2022-05-29 16:08:06,644 INFO  [log] **************************************************************************************** 
2022-05-29 16:08:06,644 INFO  [log] $$$$$$$$$$$$$$$$$$$$$                 Start prodrctpageTest       $$$$$$$$$$$$$$$$$$$$$$$$$ 
2022-05-29 16:08:06,645 INFO  [log] **************************************************************************************** 
2022-05-29 16:08:06,645 INFO  [log] **************************************************************************************** 
2022-05-29 16:08:38,745 INFO  [log] **************************************************************************************** 
2022-05-29 16:08:38,745 INFO  [log] **************************************************************************************** 
2022-05-29 16:08:38,745 INFO  [log] $$$$$$$$$$$$$$$$$$$$$                 Start homepageTest       $$$$$$$$$$$$$$$$$$$$$$$$$ 
2022-05-29 16:08:38,745 INFO  [log] **************************************************************************************** 
2022-05-29 16:08:38,745 INFO  [log] **************************************************************************************** 
2022-05-29 16:08:41,033 INFO  [log] XXXXXXXXXXXXXXXXXXXXXXX             -E---N---D-             XXXXXXXXXXXXXXXXXXXXXX 
2022-05-29 16:08:41,033 INFO  [log] X 
2022-05-29 16:08:41,033 INFO  [log] X 
2022-05-29 16:08:41,033 INFO  [log] X 
2022-05-29 16:08:41,033 INFO  [log] X 
2022-05-29 16:08:46,039 INFO  [log] **************************************************************************************** 
2022-05-29 16:08:46,039 INFO  [log] **************************************************************************************** 
2022-05-29 16:08:46,039 INFO  [log] $$$$$$$$$$$$$$$$$$$$$                 Start prodrctpageTest       $$$$$$$$$$$$$$$$$$$$$$$$$ 
2022-05-29 16:08:46,039 INFO  [log] **************************************************************************************** 
2022-05-29 16:08:46,039 INFO  [log] **************************************************************************************** 
2022-05-29 16:09:20,827 INFO  [log] **************************************************************************************** 
2022-05-29 16:09:20,827 INFO  [log] **************************************************************************************** 
2022-05-29 16:09:20,827 INFO  [log] $$$$$$$$$$$$$$$$$$$$$                 Start homepageTest       $$$$$$$$$$$$$$$$$$$$$$$$$ 
2022-05-29 16:09:20,827 INFO  [log] **************************************************************************************** 
2022-05-29 16:09:20,827 INFO  [log] **************************************************************************************** 
2022-05-29 16:09:23,252 INFO  [log] XXXXXXXXXXXXXXXXXXXXXXX             -E---N---D-             XXXXXXXXXXXXXXXXXXXXXX 
2022-05-29 16:09:23,252 INFO  [log] X 
2022-05-29 16:09:23,252 INFO  [log] X 
2022-05-29 16:09:23,252 INFO  [log] X 
2022-05-29 16:09:23,253 INFO  [log] X 
2022-05-29 16:09:28,264 INFO  [log] **************************************************************************************** 
2022-05-29 16:09:28,264 INFO  [log] **************************************************************************************** 
2022-05-29 16:09:28,264 INFO  [log] $$$$$$$$$$$$$$$$$$$$$                 Start prodrctpageTest       $$$$$$$$$$$$$$$$$$$$$$$$$ 
2022-05-29 16:09:28,265 INFO  [log] **************************************************************************************** 
2022-05-29 16:09:28,265 INFO  [log] **************************************************************************************** 
2022-05-29 16:11:25,679 INFO  [log] **************************************************************************************** 
2022-05-29 16:11:25,679 INFO  [log] **************************************************************************************** 
2022-05-29 16:11:25,680 INFO  [log] $$$$$$$$$$$$$$$$$$$$$                 Start homepageTest       $$$$$$$$$$$$$$$$$$$$$$$$$ 
2022-05-29 16:11:25,680 INFO  [log] **************************************************************************************** 
2022-05-29 16:11:25,680 INFO  [log] **************************************************************************************** 
2022-05-29 16:11:27,769 INFO  [log] XXXXXXXXXXXXXXXXXXXXXXX             -E---N---D-             XXXXXXXXXXXXXXXXXXXXXX 
2022-05-29 16:11:27,769 INFO  [log] X 
2022-05-29 16:11:27,769 INFO  [log] X 
2022-05-29 16:11:27,770 INFO  [log] X 
2022-05-29 16:11:27,770 INFO  [log] X 
2022-05-29 16:11:32,778 INFO  [log] **************************************************************************************** 
2022-05-29 16:11:32,778 INFO  [log] **************************************************************************************** 
2022-05-29 16:11:32,778 INFO  [log] $$$$$$$$$$$$$$$$$$$$$                 Start prodrctpageTest       $$$$$$$$$$$$$$$$$$$$$$$$$ 
2022-05-29 16:11:32,778 INFO  [log] **************************************************************************************** 
2022-05-29 16:11:32,778 INFO  [log] **************************************************************************************** 
2022-05-29 16:12:02,213 INFO  [log] **************************************************************************************** 
2022-05-29 16:12:02,213 INFO  [log] **************************************************************************************** 
2022-05-29 16:12:02,214 INFO  [log] $$$$$$$$$$$$$$$$$$$$$                 Start homepageTest       $$$$$$$$$$$$$$$$$$$$$$$$$ 
2022-05-29 16:12:02,214 INFO  [log] **************************************************************************************** 
2022-05-29 16:12:02,214 INFO  [log] **************************************************************************************** 
2022-05-29 16:12:41,023 INFO  [log] **************************************************************************************** 
2022-05-29 16:12:41,023 INFO  [log] **************************************************************************************** 
2022-05-29 16:12:41,024 INFO  [log] $$$$$$$$$$$$$$$$$$$$$                 Start homepageTest       $$$$$$$$$$$$$$$$$$$$$$$$$ 
2022-05-29 16:12:41,024 INFO  [log] **************************************************************************************** 
2022-05-29 16:12:41,024 INFO  [log] **************************************************************************************** 
2022-05-29 16:12:43,123 INFO  [log] XXXXXXXXXXXXXXXXXXXXXXX             -E---N---D-             XXXXXXXXXXXXXXXXXXXXXX 
2022-05-29 16:12:43,123 INFO  [log] X 
2022-05-29 16:12:43,123 INFO  [log] X 
2022-05-29 16:12:43,124 INFO  [log] X 
2022-05-29 16:12:43,124 INFO  [log] X 
2022-05-29 16:13:24,738 INFO  [log] XXXXXXXXXXXXXXXXXXXXXXX             -E---N---D-             XXXXXXXXXXXXXXXXXXXXXX 
2022-05-29 16:13:24,739 INFO  [log] X 
2022-05-29 16:13:24,739 INFO  [log] X 
2022-05-29 16:13:24,739 INFO  [log] X 
2022-05-29 16:13:24,739 INFO  [log] X 
2022-05-29 16:13:29,753 INFO  [log] **************************************************************************************** 
2022-05-29 16:13:29,753 INFO  [log] **************************************************************************************** 
2022-05-29 16:13:29,753 INFO  [log] $$$$$$$$$$$$$$$$$$$$$                 Start prodrctpageTest       $$$$$$$$$$$$$$$$$$$$$$$$$ 
2022-05-29 16:13:29,753 INFO  [log] **************************************************************************************** 
2022-05-29 16:13:29,753 INFO  [log] **************************************************************************************** 
2022-05-29 16:39:40,766 INFO  [log] **************************************************************************************** 
2022-05-29 16:39:40,767 INFO  [log] **************************************************************************************** 
2022-05-29 16:39:40,767 INFO  [log] $$$$$$$$$$$$$$$$$$$$$                 Start homepageTest       $$$$$$$$$$$$$$$$$$$$$$$$$ 
2022-05-29 16:39:40,767 INFO  [log] **************************************************************************************** 
2022-05-29 16:39:40,767 INFO  [log] **************************************************************************************** 
2022-05-29 16:39:42,988 INFO  [log] XXXXXXXXXXXXXXXXXXXXXXX             -E---N---D-             XXXXXXXXXXXXXXXXXXXXXX 
2022-05-29 16:39:42,989 INFO  [log] X 
2022-05-29 16:39:42,989 INFO  [log] X 
2022-05-29 16:39:42,989 INFO  [log] X 
2022-05-29 16:39:42,989 INFO  [log] X 
2022-05-29 16:39:48,005 INFO  [log] **************************************************************************************** 
2022-05-29 16:39:48,005 INFO  [log] **************************************************************************************** 
2022-05-29 16:39:48,005 INFO  [log] $$$$$$$$$$$$$$$$$$$$$                 Start prodrctpageTest       $$$$$$$$$$$$$$$$$$$$$$$$$ 
2022-05-29 16:39:48,006 INFO  [log] **************************************************************************************** 
2022-05-29 16:39:48,006 INFO  [log] **************************************************************************************** 
2022-05-29 16:41:48,843 INFO  [log] **************************************************************************************** 
2022-05-29 16:41:48,843 INFO  [log] **************************************************************************************** 
2022-05-29 16:41:48,843 INFO  [log] $$$$$$$$$$$$$$$$$$$$$                 Start homepageTest       $$$$$$$$$$$$$$$$$$$$$$$$$ 
2022-05-29 16:41:48,844 INFO  [log] **************************************************************************************** 
2022-05-29 16:41:48,844 INFO  [log] **************************************************************************************** 
2022-05-29 16:41:50,880 INFO  [log] XXXXXXXXXXXXXXXXXXXXXXX             -E---N---D-             XXXXXXXXXXXXXXXXXXXXXX 
2022-05-29 16:41:50,881 INFO  [log] X 
2022-05-29 16:41:50,881 INFO  [log] X 
2022-05-29 16:41:50,881 INFO  [log] X 
2022-05-29 16:41:50,881 INFO  [log] X 
2022-05-29 16:41:55,890 INFO  [log] **************************************************************************************** 
2022-05-29 16:41:55,890 INFO  [log] **************************************************************************************** 
2022-05-29 16:41:55,891 INFO  [log] $$$$$$$$$$$$$$$$$$$$$                 Start prodrctpageTest       $$$$$$$$$$$$$$$$$$$$$$$$$ 
2022-05-29 16:41:55,891 INFO  [log] **************************************************************************************** 
2022-05-29 16:41:55,891 INFO  [log] **************************************************************************************** 
2022-05-29 16:51:04,142 INFO  [log] **************************************************************************************** 
2022-05-29 16:51:04,143 INFO  [log] **************************************************************************************** 
2022-05-29 16:51:04,143 INFO  [log] $$$$$$$$$$$$$$$$$$$$$                 Start homepageTest       $$$$$$$$$$$$$$$$$$$$$$$$$ 
2022-05-29 16:51:04,143 INFO  [log] **************************************************************************************** 
2022-05-29 16:51:04,143 INFO  [log] **************************************************************************************** 
2022-05-29 16:51:06,217 INFO  [log] XXXXXXXXXXXXXXXXXXXXXXX             -E---N---D-             XXXXXXXXXXXXXXXXXXXXXX 
2022-05-29 16:51:06,217 INFO  [log] X 
2022-05-29 16:51:06,217 INFO  [log] X 
2022-05-29 16:51:06,217 INFO  [log] X 
2022-05-29 16:51:06,217 INFO  [log] X 
2022-05-29 16:51:11,226 INFO  [log] **************************************************************************************** 
2022-05-29 16:51:11,227 INFO  [log] **************************************************************************************** 
2022-05-29 16:51:11,227 INFO  [log] $$$$$$$$$$$$$$$$$$$$$                 Start prodrctpageTest       $$$$$$$$$$$$$$$$$$$$$$$$$ 
2022-05-29 16:51:11,227 INFO  [log] **************************************************************************************** 
2022-05-29 16:51:11,227 INFO  [log] **************************************************************************************** 
2022-05-29 16:52:01,967 INFO  [log] **************************************************************************************** 
2022-05-29 16:52:01,967 INFO  [log] **************************************************************************************** 
2022-05-29 16:52:01,967 INFO  [log] $$$$$$$$$$$$$$$$$$$$$                 Start homepageTest       $$$$$$$$$$$$$$$$$$$$$$$$$ 
2022-05-29 16:52:01,968 INFO  [log] **************************************************************************************** 
2022-05-29 16:52:01,968 INFO  [log] **************************************************************************************** 
2022-05-29 16:52:04,012 INFO  [log] XXXXXXXXXXXXXXXXXXXXXXX             -E---N---D-             XXXXXXXXXXXXXXXXXXXXXX 
2022-05-29 16:52:04,012 INFO  [log] X 
2022-05-29 16:52:04,013 INFO  [log] X 
2022-05-29 16:52:04,014 INFO  [log] X 
2022-05-29 16:52:04,014 INFO  [log] X 
2022-05-29 16:52:09,033 INFO  [log] **************************************************************************************** 
2022-05-29 16:52:09,033 INFO  [log] **************************************************************************************** 
2022-05-29 16:52:09,033 INFO  [log] $$$$$$$$$$$$$$$$$$$$$                 Start prodrctpageTest       $$$$$$$$$$$$$$$$$$$$$$$$$ 
2022-05-29 16:52:09,033 INFO  [log] **************************************************************************************** 
2022-05-29 16:52:09,033 INFO  [log] **************************************************************************************** 
2022-05-29 16:54:01,859 INFO  [log] **************************************************************************************** 
2022-05-29 16:54:01,860 INFO  [log] **************************************************************************************** 
2022-05-29 16:54:01,860 INFO  [log] $$$$$$$$$$$$$$$$$$$$$                 Start homepageTest       $$$$$$$$$$$$$$$$$$$$$$$$$ 
2022-05-29 16:54:01,860 INFO  [log] **************************************************************************************** 
2022-05-29 16:54:01,861 INFO  [log] **************************************************************************************** 
2022-05-29 16:54:04,055 INFO  [log] XXXXXXXXXXXXXXXXXXXXXXX             -E---N---D-             XXXXXXXXXXXXXXXXXXXXXX 
2022-05-29 16:54:04,056 INFO  [log] X 
2022-05-29 16:54:04,056 INFO  [log] X 
2022-05-29 16:54:04,057 INFO  [log] X 
2022-05-29 16:54:04,057 INFO  [log] X 
2022-05-29 16:54:09,068 INFO  [log] **************************************************************************************** 
2022-05-29 16:54:09,069 INFO  [log] **************************************************************************************** 
2022-05-29 16:54:09,069 INFO  [log] $$$$$$$$$$$$$$$$$$$$$                 Start prodrctpageTest       $$$$$$$$$$$$$$$$$$$$$$$$$ 
2022-05-29 16:54:09,069 INFO  [log] **************************************************************************************** 
2022-05-29 16:54:09,069 INFO  [log] **************************************************************************************** 
2022-05-29 16:55:49,269 INFO  [log] **************************************************************************************** 
2022-05-29 16:55:49,270 INFO  [log] **************************************************************************************** 
2022-05-29 16:55:49,270 INFO  [log] $$$$$$$$$$$$$$$$$$$$$                 Start homepageTest       $$$$$$$$$$$$$$$$$$$$$$$$$ 
2022-05-29 16:55:49,270 INFO  [log] **************************************************************************************** 
2022-05-29 16:55:49,271 INFO  [log] **************************************************************************************** 
2022-05-29 16:55:51,309 INFO  [log] XXXXXXXXXXXXXXXXXXXXXXX             -E---N---D-             XXXXXXXXXXXXXXXXXXXXXX 
2022-05-29 16:55:51,309 INFO  [log] X 
2022-05-29 16:55:51,310 INFO  [log] X 
2022-05-29 16:55:51,310 INFO  [log] X 
2022-05-29 16:55:51,310 INFO  [log] X 
2022-05-29 16:55:56,325 INFO  [log] **************************************************************************************** 
2022-05-29 16:55:56,325 INFO  [log] **************************************************************************************** 
2022-05-29 16:55:56,325 INFO  [log] $$$$$$$$$$$$$$$$$$$$$                 Start prodrctpageTest       $$$$$$$$$$$$$$$$$$$$$$$$$ 
2022-05-29 16:55:56,326 INFO  [log] **************************************************************************************** 
2022-05-29 16:55:56,326 INFO  [log] **************************************************************************************** 
2022-05-29 16:57:27,021 INFO  [log] **************************************************************************************** 
2022-05-29 16:57:27,021 INFO  [log] **************************************************************************************** 
2022-05-29 16:57:27,022 INFO  [log] $$$$$$$$$$$$$$$$$$$$$                 Start homepageTest       $$$$$$$$$$$$$$$$$$$$$$$$$ 
2022-05-29 16:57:27,022 INFO  [log] **************************************************************************************** 
2022-05-29 16:57:27,022 INFO  [log] **************************************************************************************** 
2022-05-29 16:57:29,105 INFO  [log] XXXXXXXXXXXXXXXXXXXXXXX             -E---N---D-             XXXXXXXXXXXXXXXXXXXXXX 
2022-05-29 16:57:29,106 INFO  [log] X 
2022-05-29 16:57:29,106 INFO  [log] X 
2022-05-29 16:57:29,106 INFO  [log] X 
2022-05-29 16:57:29,106 INFO  [log] X 
2022-05-29 16:57:34,121 INFO  [log] **************************************************************************************** 
2022-05-29 16:57:34,121 INFO  [log] **************************************************************************************** 
2022-05-29 16:57:34,122 INFO  [log] $$$$$$$$$$$$$$$$$$$$$                 Start prodrctpageTest       $$$$$$$$$$$$$$$$$$$$$$$$$ 
2022-05-29 16:57:34,122 INFO  [log] **************************************************************************************** 
2022-05-29 16:57:34,122 INFO  [log] **************************************************************************************** 
2022-05-29 16:59:28,466 INFO  [log] **************************************************************************************** 
2022-05-29 16:59:28,467 INFO  [log] **************************************************************************************** 
2022-05-29 16:59:28,467 INFO  [log] $$$$$$$$$$$$$$$$$$$$$                 Start homepageTest       $$$$$$$$$$$$$$$$$$$$$$$$$ 
2022-05-29 16:59:28,467 INFO  [log] **************************************************************************************** 
2022-05-29 16:59:28,467 INFO  [log] **************************************************************************************** 
2022-05-29 16:59:30,560 INFO  [log] XXXXXXXXXXXXXXXXXXXXXXX             -E---N---D-             XXXXXXXXXXXXXXXXXXXXXX 
2022-05-29 16:59:30,560 INFO  [log] X 
2022-05-29 16:59:30,561 INFO  [log] X 
2022-05-29 16:59:30,561 INFO  [log] X 
2022-05-29 16:59:30,561 INFO  [log] X 
2022-05-29 16:59:35,576 INFO  [log] **************************************************************************************** 
2022-05-29 16:59:35,576 INFO  [log] **************************************************************************************** 
2022-05-29 16:59:35,576 INFO  [log] $$$$$$$$$$$$$$$$$$$$$                 Start prodrctpageTest       $$$$$$$$$$$$$$$$$$$$$$$$$ 
2022-05-29 16:59:35,576 INFO  [log] **************************************************************************************** 
2022-05-29 16:59:35,576 INFO  [log] **************************************************************************************** 
2022-05-29 17:02:16,183 INFO  [log] **************************************************************************************** 
2022-05-29 17:02:16,184 INFO  [log] **************************************************************************************** 
2022-05-29 17:02:16,184 INFO  [log] $$$$$$$$$$$$$$$$$$$$$                 Start homepageTest       $$$$$$$$$$$$$$$$$$$$$$$$$ 
2022-05-29 17:02:16,184 INFO  [log] **************************************************************************************** 
2022-05-29 17:02:16,184 INFO  [log] **************************************************************************************** 
2022-05-29 17:02:18,334 INFO  [log] XXXXXXXXXXXXXXXXXXXXXXX             -E---N---D-             XXXXXXXXXXXXXXXXXXXXXX 
2022-05-29 17:02:18,334 INFO  [log] X 
2022-05-29 17:02:18,334 INFO  [log] X 
2022-05-29 17:02:18,334 INFO  [log] X 
2022-05-29 17:02:18,334 INFO  [log] X 
2022-05-29 17:02:23,347 INFO  [log] **************************************************************************************** 
2022-05-29 17:02:23,349 INFO  [log] **************************************************************************************** 
2022-05-29 17:02:23,350 INFO  [log] $$$$$$$$$$$$$$$$$$$$$                 Start prodrctpageTest       $$$$$$$$$$$$$$$$$$$$$$$$$ 
2022-05-29 17:02:23,350 INFO  [log] **************************************************************************************** 
2022-05-29 17:02:23,350 INFO  [log] **************************************************************************************** 
2022-05-29 17:03:15,644 INFO  [log] **************************************************************************************** 
2022-05-29 17:03:15,644 INFO  [log] **************************************************************************************** 
2022-05-29 17:03:15,644 INFO  [log] $$$$$$$$$$$$$$$$$$$$$                 Start homepageTest       $$$$$$$$$$$$$$$$$$$$$$$$$ 
2022-05-29 17:03:15,644 INFO  [log] **************************************************************************************** 
2022-05-29 17:03:15,644 INFO  [log] **************************************************************************************** 
2022-05-29 17:03:17,673 INFO  [log] XXXXXXXXXXXXXXXXXXXXXXX             -E---N---D-             XXXXXXXXXXXXXXXXXXXXXX 
2022-05-29 17:03:17,673 INFO  [log] X 
2022-05-29 17:03:17,674 INFO  [log] X 
2022-05-29 17:03:17,674 INFO  [log] X 
2022-05-29 17:03:17,674 INFO  [log] X 
2022-05-29 17:03:22,689 INFO  [log] **************************************************************************************** 
2022-05-29 17:03:22,689 INFO  [log] **************************************************************************************** 
2022-05-29 17:03:22,689 INFO  [log] $$$$$$$$$$$$$$$$$$$$$                 Start prodrctpageTest       $$$$$$$$$$$$$$$$$$$$$$$$$ 
2022-05-29 17:03:22,689 INFO  [log] **************************************************************************************** 
2022-05-29 17:03:22,689 INFO  [log] **************************************************************************************** 
2022-05-29 17:04:01,862 INFO  [log] **************************************************************************************** 
2022-05-29 17:04:01,862 INFO  [log] **************************************************************************************** 
2022-05-29 17:04:01,863 INFO  [log] $$$$$$$$$$$$$$$$$$$$$                 Start homepageTest       $$$$$$$$$$$$$$$$$$$$$$$$$ 
2022-05-29 17:04:01,863 INFO  [log] **************************************************************************************** 
2022-05-29 17:04:01,863 INFO  [log] **************************************************************************************** 
2022-05-29 17:04:04,277 INFO  [log] XXXXXXXXXXXXXXXXXXXXXXX             -E---N---D-             XXXXXXXXXXXXXXXXXXXXXX 
2022-05-29 17:04:04,278 INFO  [log] X 
2022-05-29 17:04:04,278 INFO  [log] X 
2022-05-29 17:04:04,278 INFO  [log] X 
2022-05-29 17:04:04,278 INFO  [log] X 
2022-05-29 17:04:09,290 INFO  [log] **************************************************************************************** 
2022-05-29 17:04:09,290 INFO  [log] **************************************************************************************** 
2022-05-29 17:04:09,290 INFO  [log] $$$$$$$$$$$$$$$$$$$$$                 Start prodrctpageTest       $$$$$$$$$$$$$$$$$$$$$$$$$ 
2022-05-29 17:04:09,290 INFO  [log] **************************************************************************************** 
2022-05-29 17:04:09,290 INFO  [log] **************************************************************************************** 
2022-05-29 17:05:34,851 INFO  [log] **************************************************************************************** 
2022-05-29 17:05:34,852 INFO  [log] **************************************************************************************** 
2022-05-29 17:05:34,852 INFO  [log] $$$$$$$$$$$$$$$$$$$$$                 Start homepageTest       $$$$$$$$$$$$$$$$$$$$$$$$$ 
2022-05-29 17:05:34,852 INFO  [log] **************************************************************************************** 
2022-05-29 17:05:34,852 INFO  [log] **************************************************************************************** 
2022-05-29 17:05:36,870 INFO  [log] XXXXXXXXXXXXXXXXXXXXXXX             -E---N---D-             XXXXXXXXXXXXXXXXXXXXXX 
2022-05-29 17:05:36,870 INFO  [log] X 
2022-05-29 17:05:36,871 INFO  [log] X 
2022-05-29 17:05:36,871 INFO  [log] X 
2022-05-29 17:05:36,871 INFO  [log] X 
2022-05-29 17:05:41,879 INFO  [log] **************************************************************************************** 
2022-05-29 17:05:41,880 INFO  [log] **************************************************************************************** 
2022-05-29 17:05:41,881 INFO  [log] $$$$$$$$$$$$$$$$$$$$$                 Start prodrctpageTest       $$$$$$$$$$$$$$$$$$$$$$$$$ 
2022-05-29 17:05:41,881 INFO  [log] **************************************************************************************** 
2022-05-29 17:05:41,881 INFO  [log] **************************************************************************************** 
2022-05-29 17:06:36,794 INFO  [log] **************************************************************************************** 
2022-05-29 17:06:36,794 INFO  [log] **************************************************************************************** 
2022-05-29 17:06:36,795 INFO  [log] $$$$$$$$$$$$$$$$$$$$$                 Start homepageTest       $$$$$$$$$$$$$$$$$$$$$$$$$ 
2022-05-29 17:06:36,795 INFO  [log] **************************************************************************************** 
2022-05-29 17:06:36,795 INFO  [log] **************************************************************************************** 
2022-05-29 17:06:39,169 INFO  [log] XXXXXXXXXXXXXXXXXXXXXXX             -E---N---D-             XXXXXXXXXXXXXXXXXXXXXX 
2022-05-29 17:06:39,169 INFO  [log] X 
2022-05-29 17:06:39,169 INFO  [log] X 
2022-05-29 17:06:39,169 INFO  [log] X 
2022-05-29 17:06:39,169 INFO  [log] X 
2022-05-29 17:06:44,186 INFO  [log] **************************************************************************************** 
2022-05-29 17:06:44,186 INFO  [log] **************************************************************************************** 
2022-05-29 17:06:44,187 INFO  [log] $$$$$$$$$$$$$$$$$$$$$                 Start prodrctpageTest       $$$$$$$$$$$$$$$$$$$$$$$$$ 
2022-05-29 17:06:44,187 INFO  [log] **************************************************************************************** 
2022-05-29 17:06:44,187 INFO  [log] **************************************************************************************** 
2022-05-29 17:08:07,931 INFO  [log] **************************************************************************************** 
2022-05-29 17:08:07,931 INFO  [log] **************************************************************************************** 
2022-05-29 17:08:07,931 INFO  [log] $$$$$$$$$$$$$$$$$$$$$                 Start homepageTest       $$$$$$$$$$$$$$$$$$$$$$$$$ 
2022-05-29 17:08:07,932 INFO  [log] **************************************************************************************** 
2022-05-29 17:08:07,932 INFO  [log] **************************************************************************************** 
2022-05-29 17:08:10,054 INFO  [log] XXXXXXXXXXXXXXXXXXXXXXX             -E---N---D-             XXXXXXXXXXXXXXXXXXXXXX 
2022-05-29 17:08:10,054 INFO  [log] X 
2022-05-29 17:08:10,055 INFO  [log] X 
2022-05-29 17:08:10,055 INFO  [log] X 
2022-05-29 17:08:10,055 INFO  [log] X 
2022-05-29 17:08:15,070 INFO  [log] **************************************************************************************** 
2022-05-29 17:08:15,070 INFO  [log] **************************************************************************************** 
2022-05-29 17:08:15,071 INFO  [log] $$$$$$$$$$$$$$$$$$$$$                 Start prodrctpageTest       $$$$$$$$$$$$$$$$$$$$$$$$$ 
2022-05-29 17:08:15,071 INFO  [log] **************************************************************************************** 
2022-05-29 17:08:15,071 INFO  [log] **************************************************************************************** 
2022-05-29 17:08:59,513 INFO  [log] **************************************************************************************** 
2022-05-29 17:08:59,513 INFO  [log] **************************************************************************************** 
2022-05-29 17:08:59,513 INFO  [log] $$$$$$$$$$$$$$$$$$$$$                 Start homepageTest       $$$$$$$$$$$$$$$$$$$$$$$$$ 
2022-05-29 17:08:59,513 INFO  [log] **************************************************************************************** 
2022-05-29 17:08:59,513 INFO  [log] **************************************************************************************** 
2022-05-29 17:09:02,052 INFO  [log] XXXXXXXXXXXXXXXXXXXXXXX             -E---N---D-             XXXXXXXXXXXXXXXXXXXXXX 
2022-05-29 17:09:02,052 INFO  [log] X 
2022-05-29 17:09:02,052 INFO  [log] X 
2022-05-29 17:09:02,052 INFO  [log] X 
2022-05-29 17:09:02,053 INFO  [log] X 
2022-05-29 17:09:07,058 INFO  [log] **************************************************************************************** 
2022-05-29 17:09:07,058 INFO  [log] **************************************************************************************** 
2022-05-29 17:09:07,058 INFO  [log] $$$$$$$$$$$$$$$$$$$$$                 Start prodrctpageTest       $$$$$$$$$$$$$$$$$$$$$$$$$ 
2022-05-29 17:09:07,058 INFO  [log] **************************************************************************************** 
2022-05-29 17:09:07,059 INFO  [log] **************************************************************************************** 
2022-05-29 17:09:42,446 INFO  [log] **************************************************************************************** 
2022-05-29 17:09:42,446 INFO  [log] **************************************************************************************** 
2022-05-29 17:09:42,446 INFO  [log] $$$$$$$$$$$$$$$$$$$$$                 Start homepageTest       $$$$$$$$$$$$$$$$$$$$$$$$$ 
2022-05-29 17:09:42,446 INFO  [log] **************************************************************************************** 
2022-05-29 17:09:42,446 INFO  [log] **************************************************************************************** 
2022-05-29 17:09:44,540 INFO  [log] XXXXXXXXXXXXXXXXXXXXXXX             -E---N---D-             XXXXXXXXXXXXXXXXXXXXXX 
2022-05-29 17:09:44,541 INFO  [log] X 
2022-05-29 17:09:44,542 INFO  [log] X 
2022-05-29 17:09:44,542 INFO  [log] X 
2022-05-29 17:09:44,542 INFO  [log] X 
2022-05-29 17:09:49,900 INFO  [log] **************************************************************************************** 
2022-05-29 17:09:49,900 INFO  [log] **************************************************************************************** 
2022-05-29 17:09:49,900 INFO  [log] $$$$$$$$$$$$$$$$$$$$$                 Start prodrctpageTest       $$$$$$$$$$$$$$$$$$$$$$$$$ 
2022-05-29 17:09:49,900 INFO  [log] **************************************************************************************** 
2022-05-29 17:09:49,900 INFO  [log] **************************************************************************************** 
2022-05-29 17:11:03,642 INFO  [log] **************************************************************************************** 
2022-05-29 17:11:03,642 INFO  [log] **************************************************************************************** 
2022-05-29 17:11:03,643 INFO  [log] $$$$$$$$$$$$$$$$$$$$$                 Start homepageTest       $$$$$$$$$$$$$$$$$$$$$$$$$ 
2022-05-29 17:11:03,643 INFO  [log] **************************************************************************************** 
2022-05-29 17:11:03,643 INFO  [log] **************************************************************************************** 
2022-05-29 17:11:05,733 INFO  [log] XXXXXXXXXXXXXXXXXXXXXXX             -E---N---D-             XXXXXXXXXXXXXXXXXXXXXX 
2022-05-29 17:11:05,734 INFO  [log] X 
2022-05-29 17:11:05,734 INFO  [log] X 
2022-05-29 17:11:05,734 INFO  [log] X 
2022-05-29 17:11:05,735 INFO  [log] X 
2022-05-29 17:11:10,746 INFO  [log] **************************************************************************************** 
2022-05-29 17:11:10,746 INFO  [log] **************************************************************************************** 
2022-05-29 17:11:10,746 INFO  [log] $$$$$$$$$$$$$$$$$$$$$                 Start prodrctpageTest       $$$$$$$$$$$$$$$$$$$$$$$$$ 
2022-05-29 17:11:10,746 INFO  [log] **************************************************************************************** 
2022-05-29 17:11:10,746 INFO  [log] **************************************************************************************** 
2022-05-29 17:13:14,291 INFO  [log] **************************************************************************************** 
2022-05-29 17:13:14,292 INFO  [log] **************************************************************************************** 
2022-05-29 17:13:14,293 INFO  [log] $$$$$$$$$$$$$$$$$$$$$                 Start homepageTest       $$$$$$$$$$$$$$$$$$$$$$$$$ 
2022-05-29 17:13:14,293 INFO  [log] **************************************************************************************** 
2022-05-29 17:13:14,293 INFO  [log] **************************************************************************************** 
2022-05-29 17:13:16,319 INFO  [log] XXXXXXXXXXXXXXXXXXXXXXX             -E---N---D-             XXXXXXXXXXXXXXXXXXXXXX 
2022-05-29 17:13:16,319 INFO  [log] X 
2022-05-29 17:13:16,319 INFO  [log] X 
2022-05-29 17:13:16,319 INFO  [log] X 
2022-05-29 17:13:16,319 INFO  [log] X 
2022-05-29 17:13:21,332 INFO  [log] **************************************************************************************** 
2022-05-29 17:13:21,332 INFO  [log] **************************************************************************************** 
2022-05-29 17:13:21,332 INFO  [log] $$$$$$$$$$$$$$$$$$$$$                 Start prodrctpageTest       $$$$$$$$$$$$$$$$$$$$$$$$$ 
2022-05-29 17:13:21,332 INFO  [log] **************************************************************************************** 
2022-05-29 17:13:21,332 INFO  [log] **************************************************************************************** 
2022-06-09 22:35:55,699 INFO  [log] **************************************************************************************** 
2022-06-09 22:35:55,701 INFO  [log] **************************************************************************************** 
2022-06-09 22:35:55,701 INFO  [log] $$$$$$$$$$$$$$$$$$$$$                 Start homepageTest       $$$$$$$$$$$$$$$$$$$$$$$$$ 
2022-06-09 22:35:55,701 INFO  [log] **************************************************************************************** 
2022-06-09 22:35:55,701 INFO  [log] **************************************************************************************** 
2022-06-09 22:35:59,179 INFO  [log] XXXXXXXXXXXXXXXXXXXXXXX             -E---N---D-             XXXXXXXXXXXXXXXXXXXXXX 
2022-06-09 22:35:59,179 INFO  [log] X 
2022-06-09 22:35:59,179 INFO  [log] X 
2022-06-09 22:35:59,179 INFO  [log] X 
2022-06-09 22:35:59,180 INFO  [log] X 
2022-06-09 22:36:04,188 INFO  [log] **************************************************************************************** 
2022-06-09 22:36:04,188 INFO  [log] **************************************************************************************** 
2022-06-09 22:36:04,188 INFO  [log] $$$$$$$$$$$$$$$$$$$$$                 Start prodrctpageTest       $$$$$$$$$$$$$$$$$$$$$$$$$ 
2022-06-09 22:36:04,188 INFO  [log] **************************************************************************************** 
2022-06-09 22:36:04,188 INFO  [log] **************************************************************************************** 
2022-06-09 22:50:34,584 INFO  [log] **************************************************************************************** 
2022-06-09 22:50:34,586 INFO  [log] **************************************************************************************** 
2022-06-09 22:50:34,586 INFO  [log] $$$$$$$$$$$$$$$$$$$$$                 Start homepageTest       $$$$$$$$$$$$$$$$$$$$$$$$$ 
2022-06-09 22:50:34,587 INFO  [log] **************************************************************************************** 
2022-06-09 22:50:34,587 INFO  [log] **************************************************************************************** 
2022-06-09 22:50:37,496 INFO  [log] XXXXXXXXXXXXXXXXXXXXXXX             -E---N---D-             XXXXXXXXXXXXXXXXXXXXXX 
2022-06-09 22:50:37,497 INFO  [log] X 
2022-06-09 22:50:37,497 INFO  [log] X 
2022-06-09 22:50:37,497 INFO  [log] X 
2022-06-09 22:50:37,497 INFO  [log] X 
2022-06-09 22:50:42,508 INFO  [log] **************************************************************************************** 
2022-06-09 22:50:42,508 INFO  [log] **************************************************************************************** 
2022-06-09 22:50:42,509 INFO  [log] $$$$$$$$$$$$$$$$$$$$$                 Start prodrctpageTest       $$$$$$$$$$$$$$$$$$$$$$$$$ 
2022-06-09 22:50:42,509 INFO  [log] **************************************************************************************** 
2022-06-09 22:50:42,509 INFO  [log] **************************************************************************************** 
2022-06-09 22:51:36,944 INFO  [log] **************************************************************************************** 
2022-06-09 22:51:36,944 INFO  [log] **************************************************************************************** 
2022-06-09 22:51:36,945 INFO  [log] $$$$$$$$$$$$$$$$$$$$$                 Start homepageTest       $$$$$$$$$$$$$$$$$$$$$$$$$ 
2022-06-09 22:51:36,945 INFO  [log] **************************************************************************************** 
2022-06-09 22:51:36,945 INFO  [log] **************************************************************************************** 
2022-06-09 22:51:39,114 INFO  [log] XXXXXXXXXXXXXXXXXXXXXXX             -E---N---D-             XXXXXXXXXXXXXXXXXXXXXX 
2022-06-09 22:51:39,114 INFO  [log] X 
2022-06-09 22:51:39,115 INFO  [log] X 
2022-06-09 22:51:39,115 INFO  [log] X 
2022-06-09 22:51:39,115 INFO  [log] X 
2022-06-09 22:51:44,122 INFO  [log] **************************************************************************************** 
2022-06-09 22:51:44,122 INFO  [log] **************************************************************************************** 
2022-06-09 22:51:44,122 INFO  [log] $$$$$$$$$$$$$$$$$$$$$                 Start prodrctpageTest       $$$$$$$$$$$$$$$$$$$$$$$$$ 
2022-06-09 22:51:44,122 INFO  [log] **************************************************************************************** 
2022-06-09 22:51:44,122 INFO  [log] **************************************************************************************** 
2022-06-09 22:52:58,204 INFO  [log] **************************************************************************************** 
2022-06-09 22:52:58,204 INFO  [log] **************************************************************************************** 
2022-06-09 22:52:58,204 INFO  [log] $$$$$$$$$$$$$$$$$$$$$                 Start homepageTest       $$$$$$$$$$$$$$$$$$$$$$$$$ 
2022-06-09 22:52:58,205 INFO  [log] **************************************************************************************** 
2022-06-09 22:52:58,205 INFO  [log] **************************************************************************************** 
2022-06-09 22:53:00,706 INFO  [log] XXXXXXXXXXXXXXXXXXXXXXX             -E---N---D-             XXXXXXXXXXXXXXXXXXXXXX 
2022-06-09 22:53:00,706 INFO  [log] X 
2022-06-09 22:53:00,706 INFO  [log] X 
2022-06-09 22:53:00,707 INFO  [log] X 
2022-06-09 22:53:00,707 INFO  [log] X 
2022-06-09 22:53:05,715 INFO  [log] **************************************************************************************** 
2022-06-09 22:53:05,715 INFO  [log] **************************************************************************************** 
2022-06-09 22:53:05,715 INFO  [log] $$$$$$$$$$$$$$$$$$$$$                 Start prodrctpageTest       $$$$$$$$$$$$$$$$$$$$$$$$$ 
2022-06-09 22:53:05,715 INFO  [log] **************************************************************************************** 
2022-06-09 22:53:05,715 INFO  [log] **************************************************************************************** 
